[0320/171945.075:WARNING:dns_config_service_win.cc(668)] Failed to read DnsConfig.
[0320/171950.095:WARNING:dns_config_service_win.cc(668)] Failed to read DnsConfig.
[0320/171955.124:WARNING:dns_config_service_win.cc(668)] Failed to read DnsConfig.
[0320/172000.146:WARNING:dns_config_service_win.cc(668)] Failed to read DnsConfig.
[0320/172005.159:WARNING:dns_config_service_win.cc(668)] Failed to read DnsConfig.
[0320/172010.181:WARNING:dns_config_service_win.cc(668)] Failed to read DnsConfig.
[0320/172015.189:WARNING:dns_config_service_win.cc(668)] Failed to read DnsConfig.
[0320/172020.203:WARNING:dns_config_service_win.cc(668)] Failed to read DnsConfig.
[0320/172025.211:WARNING:dns_config_service_win.cc(668)] Failed to read DnsConfig.
[0320/172030.281:WARNING:dns_config_service_win.cc(668)] Failed to read DnsConfig.
[0320/172035.293:WARNING:dns_config_service_win.cc(668)] Failed to read DnsConfig.
[0320/172040.311:WARNING:dns_config_service_win.cc(668)] Failed to read DnsConfig.
[0320/172045.336:WARNING:dns_config_service_win.cc(668)] Failed to read DnsConfig.
[0320/172050.350:WARNING:dns_config_service_win.cc(668)] Failed to read DnsConfig.
[0320/172055.368:WARNING:dns_config_service_win.cc(668)] Failed to read DnsConfig.
[0320/172100.382:WARNING:dns_config_service_win.cc(668)] Failed to read DnsConfig.
[0320/172105.410:WARNING:dns_config_service_win.cc(668)] Failed to read DnsConfig.
[0320/172110.427:WARNING:dns_config_service_win.cc(668)] Failed to read DnsConfig.
[0320/172115.445:WARNING:dns_config_service_win.cc(668)] Failed to read DnsConfig.
[0320/172327.546:WARNING:dns_config_service_win.cc(668)] Failed to read DnsConfig.
[0320/172332.562:WARNING:dns_config_service_win.cc(668)] Failed to read DnsConfig.
[0320/172337.587:WARNING:dns_config_service_win.cc(668)] Failed to read DnsConfig.
[0320/172342.602:WARNING:dns_config_service_win.cc(668)] Failed to read DnsConfig.
[0320/172347.624:WARNING:dns_config_service_win.cc(668)] Failed to read DnsConfig.
[0320/172352.642:WARNING:dns_config_service_win.cc(668)] Failed to read DnsConfig.
[0320/172357.669:WARNING:dns_config_service_win.cc(668)] Failed to read DnsConfig.
[0320/172402.695:WARNING:dns_config_service_win.cc(668)] Failed to read DnsConfig.
[0320/172407.709:WARNING:dns_config_service_win.cc(668)] Failed to read DnsConfig.
[0320/172412.727:WARNING:dns_config_service_win.cc(668)] Failed to read DnsConfig.
[0320/172417.754:WARNING:dns_config_service_win.cc(668)] Failed to read DnsConfig.
[0320/172422.780:WARNING:dns_config_service_win.cc(668)] Failed to read DnsConfig.
[0320/172427.796:WARNING:dns_config_service_win.cc(668)] Failed to read DnsConfig.
[0320/172432.807:WARNING:dns_config_service_win.cc(668)] Failed to read DnsConfig.
[0320/172437.827:WARNING:dns_config_service_win.cc(668)] Failed to read DnsConfig.
[0320/172442.851:WARNING:dns_config_service_win.cc(668)] Failed to read DnsConfig.
[0320/172447.866:WARNING:dns_config_service_win.cc(668)] Failed to read DnsConfig.
[0320/172452.889:WARNING:dns_config_service_win.cc(668)] Failed to read DnsConfig.
[0320/172457.904:WARNING:dns_config_service_win.cc(668)] Failed to read DnsConfig.
[0320/172502.917:WARNING:dns_config_service_win.cc(668)] Failed to read DnsConfig.
[0320/172507.946:WARNING:dns_config_service_win.cc(668)] Failed to read DnsConfig.
[0320/172512.967:WARNING:dns_config_service_win.cc(668)] Failed to read DnsConfig.
[0320/172517.991:WARNING:dns_config_service_win.cc(668)] Failed to read DnsConfig.
[0320/172523.006:WARNING:dns_config_service_win.cc(668)] Failed to read DnsConfig.
[0320/172528.024:WARNING:dns_config_service_win.cc(668)] Failed to read DnsConfig.
[0320/172533.052:WARNING:dns_config_service_win.cc(668)] Failed to read DnsConfig.
[0320/172538.064:WARNING:dns_config_service_win.cc(668)] Failed to read DnsConfig.
[0320/172543.084:WARNING:dns_config_service_win.cc(668)] Failed to read DnsConfig.
[0320/172548.103:WARNING:dns_config_service_win.cc(668)] Failed to read DnsConfig.
[0320/172553.121:WARNING:dns_config_service_win.cc(668)] Failed to read DnsConfig.
[0524/163911.925:WARNING:dns_config_service_win.cc(668)] Failed to read DnsConfig.
[0526/100741.076:INFO:CONSOLE(1)] "Long rAF frame-time", source: file:///C:/Program%20Files/Adobe/Adobe%20Photoshop%202020/Required/www-rich-tooltips/build/external.js (1)
[0526/100741.088:ERROR:mf_helpers.cc(14)] Error in dxva_video_decode_accelerator_win.cc on line 1612
[0526/100741.088:ERROR:mf_helpers.cc(14)] Error in dxva_video_decode_accelerator_win.cc on line 842
[0526/100837.930:ERROR:mf_helpers.cc(14)] Error in dxva_video_decode_accelerator_win.cc on line 1612
[0526/100837.930:ERROR:mf_helpers.cc(14)] Error in dxva_video_decode_accelerator_win.cc on line 842
[0526/100837.993:WARNING:angle_platform_impl.cc(52)] compileToBinary(230): 
C:\fakepath(69,8-58): warning X3571: pow(f, e) will not work for negative f, use abs(f) or conditionally handle negative values if you expect them
C:\fakepath(77,9-43): warning X3571: pow(f, e) will not work for negative f, use abs(f) or conditionally handle negative values if you expect them

[0526/100944.921:ERROR:mf_helpers.cc(14)] Error in dxva_video_decode_accelerator_win.cc on line 1612
[0526/100944.921:ERROR:mf_helpers.cc(14)] Error in dxva_video_decode_accelerator_win.cc on line 842
[0526/111057.829:WARNING:dns_config_service_win.cc(668)] Failed to read DnsConfig.
[0526/132546.897:INFO:CONSOLE(1)] "Long rAF frame-time", source: file:///C:/Program%20Files/Adobe/Adobe%20Photoshop%202020/Required/www-rich-tooltips/build/external.js (1)
[0526/132547.089:ERROR:mf_helpers.cc(14)] Error in dxva_video_decode_accelerator_win.cc on line 1612
[0526/132547.089:ERROR:mf_helpers.cc(14)] Error in dxva_video_decode_accelerator_win.cc on line 842
[0526/132547.112:WARNING:angle_platform_impl.cc(52)] compileToBinary(230): 
C:\fakepath(69,8-58): warning X3571: pow(f, e) will not work for negative f, use abs(f) or conditionally handle negative values if you expect them
C:\fakepath(77,9-43): warning X3571: pow(f, e) will not work for negative f, use abs(f) or conditionally handle negative values if you expect them

[0526/132606.711:ERROR:mf_helpers.cc(14)] Error in dxva_video_decode_accelerator_win.cc on line 1612
[0526/132606.711:ERROR:mf_helpers.cc(14)] Error in dxva_video_decode_accelerator_win.cc on line 842
[0526/132708.046:ERROR:mf_helpers.cc(14)] Error in dxva_video_decode_accelerator_win.cc on line 1612
[0526/132708.046:ERROR:mf_helpers.cc(14)] Error in dxva_video_decode_accelerator_win.cc on line 842
[0527/125616.244:ERROR:mf_helpers.cc(14)] Error in dxva_video_decode_accelerator_win.cc on line 1612
[0527/125616.245:ERROR:mf_helpers.cc(14)] Error in dxva_video_decode_accelerator_win.cc on line 842
[0527/125616.689:ERROR:mf_helpers.cc(14)] Error in dxva_video_decode_accelerator_win.cc on line 1612
[0527/125616.689:ERROR:mf_helpers.cc(14)] Error in dxva_video_decode_accelerator_win.cc on line 842
[0527/125616.738:WARNING:angle_platform_impl.cc(52)] compileToBinary(230): 
C:\fakepath(69,8-58): warning X3571: pow(f, e) will not work for negative f, use abs(f) or conditionally handle negative values if you expect them
C:\fakepath(77,9-43): warning X3571: pow(f, e) will not work for negative f, use abs(f) or conditionally handle negative values if you expect them

[0527/125708.006:ERROR:mf_helpers.cc(14)] Error in dxva_video_decode_accelerator_win.cc on line 1612
[0527/125708.006:ERROR:mf_helpers.cc(14)] Error in dxva_video_decode_accelerator_win.cc on line 842
[0527/125750.264:ERROR:mf_helpers.cc(14)] Error in dxva_video_decode_accelerator_win.cc on line 1612
[0527/125750.264:ERROR:mf_helpers.cc(14)] Error in dxva_video_decode_accelerator_win.cc on line 842
